2023.07.10 14:26:46 INFO  Started: Metals version 0.11.12 in workspace '/home/momos/Documents/Functional-Programming-project' for client Visual Studio Code 1.79.2.[0m
Jul 10, 2023 2:26:47 PM org.flywaydb.core.internal.license.VersionPrinter printVersionOnly
INFO: Flyway Community Edition 9.16.3 by Redgate
Jul 10, 2023 2:26:47 PM org.flywaydb.core.internal.license.VersionPrinter printVersion
INFO: See release notes here: https://rd.gt/416ObMi
Jul 10, 2023 2:26:47 PM org.flywaydb.core.internal.license.VersionPrinter printVersion
INFO: 
Jul 10, 2023 2:26:47 PM org.flywaydb.core.internal.database.base.BaseDatabaseType createDatabase
INFO: Database: jdbc:h2:file:/home/momos/Documents/Functional-Programming-project/.metals/metals (H2 2.1)
Jul 10, 2023 2:26:47 PM org.flywaydb.core.internal.schemahistory.JdbcTableSchemaHistory allAppliedMigrations
INFO: Schema history table "PUBLIC"."flyway_schema_history" does not exist yet
Jul 10, 2023 2:26:47 PM org.flywaydb.core.internal.command.DbValidate validate
INFO: Successfully validated 4 migrations (execution time 00:00.033s)
Jul 10, 2023 2:26:47 PM org.flywaydb.core.internal.schemahistory.JdbcTableSchemaHistory create
INFO: Creating Schema History table "PUBLIC"."flyway_schema_history" ...
Jul 10, 2023 2:26:47 PM org.flywaydb.core.internal.command.DbMigrate migrateGroup
INFO: Current version of schema "PUBLIC": << Empty Schema >>
Jul 10, 2023 2:26:47 PM org.flywaydb.core.internal.command.DbMigrate doMigrateGroup
INFO: Migrating schema "PUBLIC" to version "1 - Create tables"
Jul 10, 2023 2:26:47 PM org.flywaydb.core.internal.command.DbMigrate doMigrateGroup
INFO: Migrating schema "PUBLIC" to version "2 - Server discovery"
Jul 10, 2023 2:26:47 PM org.flywaydb.core.internal.command.DbMigrate doMigrateGroup
INFO: Migrating schema "PUBLIC" to version "3 - Jar symbols"
Jul 10, 2023 2:26:47 PM org.flywaydb.core.internal.command.DbMigrate doMigrateGroup
INFO: Migrating schema "PUBLIC" to version "4 - Fingerprints"
Jul 10, 2023 2:26:47 PM org.flywaydb.core.internal.command.DbMigrate logSummary
INFO: Successfully applied 4 migrations to schema "PUBLIC", now at version v4 (execution time 00:00.107s)
2023.07.10 14:26:48 INFO  time: initialize in 1.71s[0m
2023.07.10 14:26:50 WARN  Build server is not auto-connectable.[0m
2023.07.10 14:26:50 WARN  no build tool detected in workspace '/home/momos/Documents/Functional-Programming-project'. The most common cause for this problem is that the editor was opened in the wrong working directory, for example if you use sbt then the workspace directory should contain build.sbt. [0m
2023.07.10 14:26:50 WARN  no build target for: /home/momos/Documents/Functional-Programming-project/solver-sudoku/src/main/scala/Main.scala[0m
2023.07.10 14:26:54 INFO  no build target found for /home/momos/Documents/Functional-Programming-project/solver-sudoku/src/main/scala/Main.scala. Using presentation compiler with project's scala-library version: 3.2.2[0m
2023.07.10 14:26:58 INFO  time: code lens generation in 6.27s[0m
2023.07.10 14:27:01 WARN  no build target for: /home/momos/Documents/Functional-Programming-project/solver-sudoku/src/main/scala/Main.scala[0m
